<?xml version="1.0" encoding="UTF-8"?>
<testsuite name="com.capmation.challenge1.SpringbootCodeChallenge1JsonTests" tests="4" skipped="0" failures="0" errors="0" timestamp="2023-06-03T02:23:03" hostname="Efrens-Air" time="0.021">
  <properties/>
  <testcase name="BankAccountListSerializationTest()" classname="com.capmation.challenge1.SpringbootCodeChallenge1JsonTests" time="0.009"/>
  <testcase name="BankAccountSerializationTest()" classname="com.capmation.challenge1.SpringbootCodeChallenge1JsonTests" time="0.003"/>
  <testcase name="BankAccountDeserializationTest()" classname="com.capmation.challenge1.SpringbootCodeChallenge1JsonTests" time="0.005"/>
  <testcase name="BankAccountListDeserializationTest()" classname="com.capmation.challenge1.SpringbootCodeChallenge1JsonTests" time="0.001"/>
  <system-out><![CDATA[2023-06-02T22:23:03.155-04:00  INFO 32986 --- [    Test worker] t.c.s.AnnotationConfigContextLoaderUtils : Could not detect default configuration classes for test class [com.capmation.challenge1.SpringbootCodeChallenge1JsonTests]: SpringbootCodeChallenge1JsonTests does not declare any static, non-private, non-final, nested classes annotated with @Configuration.
2023-06-02T22:23:03.159-04:00  INFO 32986 --- [    Test worker] .b.t.c.SpringBootTestContextBootstrapper : Found @SpringBootConfiguration com.capmation.challenge1.SpringbootCodeChallenge1Application for test class com.capmation.challenge1.SpringbootCodeChallenge1JsonTests

  .   ____          _            __ _ _
 /\\ / ___'_ __ _ _(_)_ __  __ _ \ \ \ \
( ( )\___ | '_ | '_| | '_ \/ _` | \ \ \ \
 \\/  ___)| |_)| | | | | || (_| |  ) ) ) )
  '  |____| .__|_| |_|_| |_\__, | / / / /
 =========|_|==============|___/=/_/_/_/
 :: Spring Boot ::                (v3.1.0)

2023-06-02T22:23:03.168-04:00  INFO 32986 --- [    Test worker] c.c.c.SpringbootCodeChallenge1JsonTests  : Starting SpringbootCodeChallenge1JsonTests using Java 17.0.6 with PID 32986 (started by leonor in /Users/leonor/Library/CloudStorage/OneDrive-Personal/workspaces/challenge01/springboot-code-challenge1)
2023-06-02T22:23:03.168-04:00  INFO 32986 --- [    Test worker] c.c.c.SpringbootCodeChallenge1JsonTests  : No active profile set, falling back to 1 default profile: "default"
2023-06-02T22:23:03.194-04:00  INFO 32986 --- [    Test worker] c.c.c.SpringbootCodeChallenge1JsonTests  : Started SpringbootCodeChallenge1JsonTests in 0.033 seconds (process running for 3.625)
]]></system-out>
  <system-err><![CDATA[]]></system-err>
</testsuite>
